  Скопировано файлов:         1.
  Скопировано файлов:         1.
  stdafx.cpp
  Camera.cpp
  Log.cpp
  Math.cpp
  Editor.cpp
  Level.cpp
  Movinator.cpp
  Rotator.cpp
  Plane.cpp
  Scene.cpp
  Terrain.cpp
  TerrainBlock.cpp
  Triangle.cpp
  GlobalVars.cpp
  Button.cpp
  ButtonToggled.cpp
  Cursor.cpp
  CursorShapes.cpp
  DropDownListWithTextAndButton.cpp
  GovernorFloat.cpp
  Image.cpp
  Generating Code...
  Compiling...
  Label.cpp
  Slider.cpp
  SliderInt.cpp
  SliderWithTextAndButtons.cpp
  Tab.cpp
  Window.cpp
  GUI.cpp
  LineTranslator1D.cpp
  LineTranslator2D.cpp
  MenuEditor.cpp
  MenuGame.cpp
  Console.cpp
  ConsoleParser.cpp
  Menu.cpp
  MenuMain.cpp
  MenuOptions.cpp
  PanelBottom.cpp
  PanelMain.cpp
  PanelMap.cpp
  WindowVariables.cpp
  Generating Code...
  Compiling...
  Settings.cpp
  SettingsTypes.cpp
  TacticsVictory.cpp
  TacticsVictoryHandlers.cpp
  Generating Code...
  TacticsVictory.vcxproj -> c:\My\TacticsVictory\Debug\TacticsVictory.exe
